<?xml version="1.0" encoding="UTF-8"?>
<!-- Generated by org.testng.reporters.JUnitReportReporter -->
<testsuite hostname="DESKTOP-QNHJ5Q7" failures="0" tests="1" name="nopComm_config.NOPCommApp" time="7.205" errors="0" timestamp="2023-11-13T23:00:06 PST" skipped="0">
  <testcase classname="nopComm_config.NOPCommApp" name="verifyAppTitle" time="7.205"/>
  <system-out/>
</testsuite> <!-- nopComm_config.NOPCommApp -->
